[ 2017-03-15T08:35:59+08:00 ] ::1 /shop/index.php/Back/Goods/addGood.html
INFO: [ app_init ] --START--
INFO: Run Behavior\BuildLiteBehavior [ RunTime:0.000018s ]
INFO: [ app_init ] --END-- [ RunTime:0.017788s ]
INFO: [ app_begin ] --START--
INFO: Run Behavior\ReadHtmlCacheBehavior [ RunTime:0.002344s ]
INFO: [ app_begin ] --END-- [ RunTime:0.002503s ]
SQL: SHOW COLUMNS FROM `goods` [ RunTime:0.0474s ]
INFO: [ view_parse ] --START--
INFO: [ template_filter ] --START--
INFO: Run Behavior\ContentReplaceBehavior [ RunTime:0.000059s ]
INFO: [ template_filter ] --END-- [ RunTime:0.000124s ]
NOTIC: [8] Undefined variable: _v E:\PhpStudeyLite\WWW\shop\Runtime\Cache\Back\7d6972c63fd1be982401acd6ca456c92.php 第 99 行.
NOTIC: [8] Undefined variable: _v E:\PhpStudeyLite\WWW\shop\Runtime\Cache\Back\7d6972c63fd1be982401acd6ca456c92.php 第 99 行.
NOTIC: [8] Undefined variable: _v E:\PhpStudeyLite\WWW\shop\Runtime\Cache\Back\7d6972c63fd1be982401acd6ca456c92.php 第 110 行.
NOTIC: [8] Undefined variable: _v E:\PhpStudeyLite\WWW\shop\Runtime\Cache\Back\7d6972c63fd1be982401acd6ca456c92.php 第 110 行.
INFO: Run Behavior\ParseTemplateBehavior [ RunTime:0.024866s ]
INFO: [ view_parse ] --END-- [ RunTime:0.024939s ]
INFO: [ view_filter ] --START--
INFO: Run Behavior\WriteHtmlCacheBehavior [ RunTime:0.006655s ]
INFO: [ view_filter ] --END-- [ RunTime:0.006710s ]
INFO: [ app_end ] --START--
INFO: Run Behavior\ShowPageTraceBehavior [ RunTime:0.008123s ]
INFO: [ app_end ] --END-- [ RunTime:0.008185s ]

[ 2017-03-15T08:44:06+08:00 ] ::1 /shop/index.php/Back/Goods/addGood.html
INFO: [ app_init ] --START--
INFO: Run Behavior\BuildLiteBehavior [ RunTime:0.000013s ]
INFO: [ app_init ] --END-- [ RunTime:0.000446s ]
INFO: [ app_begin ] --START--
INFO: Run Behavior\ReadHtmlCacheBehavior [ RunTime:0.000555s ]
INFO: [ app_begin ] --END-- [ RunTime:0.000604s ]
SQL: SHOW COLUMNS FROM `goods` [ RunTime:0.0133s ]
INFO: [ view_parse ] --START--
INFO: [ template_filter ] --START--
INFO: Run Behavior\ContentReplaceBehavior [ RunTime:0.000096s ]
INFO: [ template_filter ] --END-- [ RunTime:0.000197s ]
NOTIC: [8] Undefined variable: _v E:\PhpStudeyLite\WWW\shop\Runtime\Cache\Back\7d6972c63fd1be982401acd6ca456c92.php 第 103 行.
NOTIC: [8] Undefined variable: _v E:\PhpStudeyLite\WWW\shop\Runtime\Cache\Back\7d6972c63fd1be982401acd6ca456c92.php 第 103 行.
NOTIC: [8] Undefined variable: _v E:\PhpStudeyLite\WWW\shop\Runtime\Cache\Back\7d6972c63fd1be982401acd6ca456c92.php 第 114 行.
NOTIC: [8] Undefined variable: _v E:\PhpStudeyLite\WWW\shop\Runtime\Cache\Back\7d6972c63fd1be982401acd6ca456c92.php 第 114 行.
INFO: Run Behavior\ParseTemplateBehavior [ RunTime:0.019464s ]
INFO: [ view_parse ] --END-- [ RunTime:0.019600s ]
INFO: [ view_filter ] --START--
INFO: Run Behavior\WriteHtmlCacheBehavior [ RunTime:0.000646s ]
INFO: [ view_filter ] --END-- [ RunTime:0.000729s ]
INFO: [ app_end ] --START--
INFO: Run Behavior\ShowPageTraceBehavior [ RunTime:0.000951s ]
INFO: [ app_end ] --END-- [ RunTime:0.001041s ]

[ 2017-03-15T08:44:23+08:00 ] ::1 /shop/index.php/Back/Goods/addGood.html
INFO: [ app_init ] --START--
INFO: Run Behavior\BuildLiteBehavior [ RunTime:0.000011s ]
INFO: [ app_init ] --END-- [ RunTime:0.000378s ]
INFO: [ app_begin ] --START--
INFO: Run Behavior\ReadHtmlCacheBehavior [ RunTime:0.000464s ]
INFO: [ app_begin ] --END-- [ RunTime:0.000512s ]
SQL: SHOW COLUMNS FROM `goods` [ RunTime:0.0106s ]
INFO: [ view_parse ] --START--
INFO: [ template_filter ] --START--
INFO: Run Behavior\ContentReplaceBehavior [ RunTime:0.000192s ]
INFO: [ template_filter ] --END-- [ RunTime:0.000389s ]
NOTIC: [8] Undefined variable: _v E:\PhpStudeyLite\WWW\shop\Runtime\Cache\Back\7d6972c63fd1be982401acd6ca456c92.php 第 103 行.
NOTIC: [8] Undefined variable: _v E:\PhpStudeyLite\WWW\shop\Runtime\Cache\Back\7d6972c63fd1be982401acd6ca456c92.php 第 103 行.
NOTIC: [8] Undefined variable: _v E:\PhpStudeyLite\WWW\shop\Runtime\Cache\Back\7d6972c63fd1be982401acd6ca456c92.php 第 114 行.
NOTIC: [8] Undefined variable: _v E:\PhpStudeyLite\WWW\shop\Runtime\Cache\Back\7d6972c63fd1be982401acd6ca456c92.php 第 114 行.
INFO: Run Behavior\ParseTemplateBehavior [ RunTime:0.020497s ]
INFO: [ view_parse ] --END-- [ RunTime:0.020680s ]
INFO: [ view_filter ] --START--
INFO: Run Behavior\WriteHtmlCacheBehavior [ RunTime:0.001101s ]
INFO: [ view_filter ] --END-- [ RunTime:0.001280s ]
INFO: [ app_end ] --START--
INFO: Run Behavior\ShowPageTraceBehavior [ RunTime:0.001270s ]
INFO: [ app_end ] --END-- [ RunTime:0.001403s ]

[ 2017-03-15T08:51:45+08:00 ] ::1 /shop/index.php/Back/Goods/addGood.html
INFO: [ app_init ] --START--
INFO: Run Behavior\BuildLiteBehavior [ RunTime:0.000018s ]
INFO: [ app_init ] --END-- [ RunTime:0.000584s ]
INFO: [ app_begin ] --START--
INFO: Run Behavior\ReadHtmlCacheBehavior [ RunTime:0.000775s ]
INFO: [ app_begin ] --END-- [ RunTime:0.000848s ]
SQL: SHOW COLUMNS FROM `goods` [ RunTime:0.0137s ]
INFO: [ view_parse ] --START--
INFO: [ template_filter ] --START--
INFO: Run Behavior\ContentReplaceBehavior [ RunTime:0.000213s ]
INFO: [ template_filter ] --END-- [ RunTime:0.000423s ]
NOTIC: [8] Undefined variable: _v E:\PhpStudeyLite\WWW\shop\Runtime\Cache\Back\7d6972c63fd1be982401acd6ca456c92.php 第 103 行.
NOTIC: [8] Undefined variable: _v E:\PhpStudeyLite\WWW\shop\Runtime\Cache\Back\7d6972c63fd1be982401acd6ca456c92.php 第 103 行.
NOTIC: [8] Undefined variable: _v E:\PhpStudeyLite\WWW\shop\Runtime\Cache\Back\7d6972c63fd1be982401acd6ca456c92.php 第 114 行.
NOTIC: [8] Undefined variable: _v E:\PhpStudeyLite\WWW\shop\Runtime\Cache\Back\7d6972c63fd1be982401acd6ca456c92.php 第 114 行.
INFO: Run Behavior\ParseTemplateBehavior [ RunTime:0.023080s ]
INFO: [ view_parse ] --END-- [ RunTime:0.023281s ]
INFO: [ view_filter ] --START--
INFO: Run Behavior\WriteHtmlCacheBehavior [ RunTime:0.001385s ]
INFO: [ view_filter ] --END-- [ RunTime:0.001571s ]
INFO: [ app_end ] --START--
INFO: Run Behavior\ShowPageTraceBehavior [ RunTime:0.001648s ]
INFO: [ app_end ] --END-- [ RunTime:0.001790s ]

